0 info it worked if it ends with ok
1 verbose cli [ 'C:\\Program Files\\nodejs\\node.exe',
1 verbose cli   'C:\\Users\\migue\\AppData\\Roaming\\npm\\node_modules\\npm\\bin\\npm-cli.js',
1 verbose cli   'run',
1 verbose cli   'dev' ]
2 info using npm@3.10.10
3 info using node@v10.16.3
4 verbose run-script [ 'predev', 'dev', 'postdev' ]
5 info lifecycle Server@1.0.0~predev: Server@1.0.0
6 silly lifecycle Server@1.0.0~predev: no script for predev, continuing
7 info lifecycle Server@1.0.0~dev: Server@1.0.0
8 verbose lifecycle Server@1.0.0~dev: unsafe-perm in lifecycle true
9 verbose lifecycle Server@1.0.0~dev: PATH: C:\Users\migue\AppData\Roaming\npm\node_modules\npm\bin\node-gyp-bin;C:\Users\migue\Desktop\Proyecto_Mesa_Servicio\Mesa_Servicio\pandora\Server\node_modules\.bin;C:\Program Files (x86)\Intel\Intel(R) Management Engine Components\iCLS\;C:\Program Files\Intel\Intel(R) Management Engine Components\iCLS\;C:\Program Files (x86)\Haskell\bin;C:\Program Files (x86)\Haskell Platform\2014.2.0.0\lib\extralibs\bin;C:\Program Files (x86)\Haskell Platform\2014.2.0.0\bin;C:\Program Files (x86)\Common Files\Oracle\Java\javapath;C:\WINDOWS\system32;C:\WINDOWS;C:\WINDOWS\System32\Wbem;C:\WINDOWS\System32\WindowsPowerShell\v1.0\;C:\WINDOWS\System32\OpenSSH\;C:\Program Files\Microsoft SQL Server\Client SDK\ODBC\130\Tools\Binn\;C:\Program Files (x86)\Microsoft SQL Server\140\Tools\Binn\;C:\Program Files\Microsoft SQL Server\140\Tools\Binn\;C:\Program Files\Microsoft SQL Server\140\DTS\Binn\;C:\Program Files (x86)\Haskell Platform\2014.2.0.0\mingw\binC:\composer;C:\Program Files\dotnet\;C:\Program Files (x86)\Intel\Intel(R) Management Engine Components\DAL;C:\Program Files\Intel\Intel(R) Management Engine Components\DAL;C:\Program Files\Git\cmd;C:\Program Files\nodejs\;C:\Users\migue\AppData\Roaming\cabal\bin;C:\Users\migue\AppData\Local\Microsoft\WindowsApps;C:\AppServ\Apache24\bin;C:\AppServ\MySQL\bin;C:\Users\migue\AppData\Roaming\Composer\vendor\bin;C:\Program Files\JetBrains\PyCharm Community Edition 2019.2.1\bin;C:\Users\migue\AppData\Local\Programs\Microsoft VS Code\bin;C:\Users\migue\AppData\Local\atom\bin;C:\Users\migue\AppData\Roaming\npm
10 verbose lifecycle Server@1.0.0~dev: CWD: C:\Users\migue\Desktop\Proyecto_Mesa_Servicio\Mesa_Servicio\pandora\Server
11 silly lifecycle Server@1.0.0~dev: Args: [ '/d /s /c', 'concurrently "tsc -w" "nodemon dist/index.js"' ]
12 verbose stack Error: kill ENOSYS
12 verbose stack     at process.kill (internal/process/per_thread.js:198:13)
12 verbose stack     at process.listener (C:\Users\migue\AppData\Roaming\npm\node_modules\npm\node_modules\npmlog\node_modules\gauge\node_modules\signal-exit\index.js:86:15)
12 verbose stack     at process.emit (events.js:203:15)
13 verbose cwd C:\Users\migue\Desktop\Proyecto_Mesa_Servicio\Mesa_Servicio\pandora\Server
14 error Windows_NT 10.0.18362
15 error argv "C:\\Program Files\\nodejs\\node.exe" "C:\\Users\\migue\\AppData\\Roaming\\npm\\node_modules\\npm\\bin\\npm-cli.js" "run" "dev"
16 error node v10.16.3
17 error npm  v3.10.10
18 error code ENOSYS
19 error errno ENOSYS
20 error syscall kill
21 error kill ENOSYS
22 error If you need help, you may report this error at:
22 error     <https://github.com/npm/npm/issues>
23 verbose exit [ 1, true ]
